<?xml version="1.0" encoding="UTF-8"?>
<!-- Generated by org.testng.reporters.JUnitReportReporter -->
<testsuite hostname="192.168.1.127" failures="0" tests="2" name="MyTestCases2" time="18.841" errors="0" timestamp="2024-10-14T16:37:06 GMT+03:00" skipped="0">
  <testcase classname="MyTestCases2" name="signUp" time="12.926"/>
  <system-out/>
  <testcase classname="MyTestCases2" name="Logout" time="5.915"/>
  <system-out/>
</testsuite> <!-- MyTestCases2 -->
