<?xml version="1.0" encoding="UTF-8"?>
<!-- Generated by org.testng.reporters.JUnitReportReporter -->
<testsuite hostname="192.168.1.127" failures="0" tests="3" name="MyTestCases" time="104.408" errors="0" timestamp="2024-10-13T18:16:55 GMT+03:00" skipped="0">
  <testcase classname="MyTestCases" name="signUp" time="60.242"/>
  <system-out/>
  <testcase classname="MyTestCases" name="Logout" time="9.632"/>
  <system-out/>
  <testcase classname="MyTestCases" name="Login" time="34.534"/>
  <system-out/>
</testsuite> <!-- MyTestCases -->
